c:\users\oguzhan\desktop\patıent_record_system\patıent_record_system\debug\patıent_record_system.pch
c:\users\oguzhan\desktop\patıent_record_system\patıent_record_system\debug\vc141.pdb
c:\users\oguzhan\desktop\patıent_record_system\patıent_record_system\debug\vc141.ıdb
c:\users\oguzhan\desktop\patıent_record_system\patıent_record_system\debug\pch.obj
c:\users\oguzhan\desktop\patıent_record_system\patıent_record_system\debug\patıent_record_system.obj
c:\users\oguzhan\desktop\patıent_record_system\debug\patıent_record_system.exe
c:\users\oguzhan\desktop\patıent_record_system\debug\patıent_record_system.ılk
c:\users\oguzhan\desktop\patıent_record_system\debug\patıent_record_system.pdb
c:\users\oguzhan\desktop\patient_record_system\patient_record_system\debug\patient_record_system.obj
c:\users\oguzhan\desktop\patient_record_system\patient_record_system\debug\pch.obj
c:\users\oguzhan\desktop\patient_record_system\patient_record_system\debug\patient_record_system.pch
c:\users\oguzhan\desktop\patient_record_system\patient_record_system\debug\vc141.idb
c:\users\oguzhan\desktop\patient_record_system\patient_record_system\debug\vc141.pdb
c:\users\oguzhan\desktop\patient_record_system\debug\patient_record_system.pdb
c:\users\oguzhan\desktop\patient_record_system\debug\patient_record_system.exe
c:\users\oguzhan\desktop\patient_record_system\debug\patient_record_system.ilk
c:\users\oguzhan\desktop\patient_record_system\patient_record_system\debug\patient_.4dbe78a2.tlog\cl.command.1.tlog
c:\users\oguzhan\desktop\patient_record_system\patient_record_system\debug\patient_.4dbe78a2.tlog\cl.read.1.tlog
c:\users\oguzhan\desktop\patient_record_system\patient_record_system\debug\patient_.4dbe78a2.tlog\cl.write.1.tlog
c:\users\oguzhan\desktop\patient_record_system\patient_record_system\debug\patient_.4dbe78a2.tlog\link.command.1.tlog
c:\users\oguzhan\desktop\patient_record_system\patient_record_system\debug\patient_.4dbe78a2.tlog\link.read.1.tlog
c:\users\oguzhan\desktop\patient_record_system\patient_record_system\debug\patient_.4dbe78a2.tlog\link.write.1.tlog
